host: megalon
Building DAG of jobs...
Using shell: /usr/bin/bash
Provided cores: 80
Rules claiming more threads will be scaled down.
Job stats:
job        count
-------  -------
all            1
combine       11
total         12

Select jobs to execute...
Execute 11 jobs...

[Thu Sep 12 10:31:55 2024]
localrule combine:
    input: /home/jverwilt/JV2408_tear_RNA/data/20240906_AV242402_4843/reads/C_DNase/4843_03_C_DNase_240807_240626_first_test_S7_L001_R1_001.fastq.gz, /home/jverwilt/JV2408_tear_RNA/data/20240906_AV242402_4843/reads/C_DNase/4843_03_C_DNase_240807_240626_first_test_S7_L002_R1_001.fastq.gz, /home/jverwilt/JV2408_tear_RNA/data/20240906_AV242402_4843/reads/C_DNase/4843_03_C_DNase_240807_240626_first_test_S7_L001_R2_001.fastq.gz, /home/jverwilt/JV2408_tear_RNA/data/20240906_AV242402_4843/reads/C_DNase/4843_03_C_DNase_240807_240626_first_test_S7_L002_R2_001.fastq.gz
    output: /home/jverwilt/JV2408_tear_RNA/output/20240906_AV242402_4843/C_DNase/01_combine/C_DNase_R1.fastq.gz, /home/jverwilt/JV2408_tear_RNA/output/20240906_AV242402_4843/C_DNase/01_combine/C_DNase_R2.fastq.gz
    jobid: 6
    reason: Missing output files: /home/jverwilt/JV2408_tear_RNA/output/20240906_AV242402_4843/C_DNase/01_combine/C_DNase_R2.fastq.gz, /home/jverwilt/JV2408_tear_RNA/output/20240906_AV242402_4843/C_DNase/01_combine/C_DNase_R1.fastq.gz
    wildcards: sample=C_DNase
    resources: tmpdir=/tmp


[Thu Sep 12 10:31:55 2024]
localrule combine:
    input: /home/jverwilt/JV2408_tear_RNA/data/20240906_AV242402_4843/reads/A/4843_08_A_240807_240626_first_test_S12_L001_R1_001.fastq.gz, /home/jverwilt/JV2408_tear_RNA/data/20240906_AV242402_4843/reads/A/4843_08_A_240807_240626_first_test_S12_L002_R1_001.fastq.gz, /home/jverwilt/JV2408_tear_RNA/data/20240906_AV242402_4843/reads/A/4843_08_A_240807_240626_first_test_S12_L001_R2_001.fastq.gz, /home/jverwilt/JV2408_tear_RNA/data/20240906_AV242402_4843/reads/A/4843_08_A_240807_240626_first_test_S12_L002_R2_001.fastq.gz
    output: /home/jverwilt/JV2408_tear_RNA/output/20240906_AV242402_4843/A/01_combine/A_R1.fastq.gz, /home/jverwilt/JV2408_tear_RNA/output/20240906_AV242402_4843/A/01_combine/A_R2.fastq.gz
    jobid: 1
    reason: Missing output files: /home/jverwilt/JV2408_tear_RNA/output/20240906_AV242402_4843/A/01_combine/A_R1.fastq.gz, /home/jverwilt/JV2408_tear_RNA/output/20240906_AV242402_4843/A/01_combine/A_R2.fastq.gz
    wildcards: sample=A
    resources: tmpdir=/tmp


[Thu Sep 12 10:31:55 2024]
localrule combine:
    input: /home/jverwilt/JV2408_tear_RNA/data/20240906_AV242402_4843/reads/C/4843_10_C_240807_240626_first_test_S14_L001_R1_001.fastq.gz, /home/jverwilt/JV2408_tear_RNA/data/20240906_AV242402_4843/reads/C/4843_10_C_240807_240626_first_test_S14_L002_R1_001.fastq.gz, /home/jverwilt/JV2408_tear_RNA/data/20240906_AV242402_4843/reads/C/4843_10_C_240807_240626_first_test_S14_L001_R2_001.fastq.gz, /home/jverwilt/JV2408_tear_RNA/data/20240906_AV242402_4843/reads/C/4843_10_C_240807_240626_first_test_S14_L002_R2_001.fastq.gz
    output: /home/jverwilt/JV2408_tear_RNA/output/20240906_AV242402_4843/C/01_combine/C_R1.fastq.gz, /home/jverwilt/JV2408_tear_RNA/output/20240906_AV242402_4843/C/01_combine/C_R2.fastq.gz
    jobid: 5
    reason: Missing output files: /home/jverwilt/JV2408_tear_RNA/output/20240906_AV242402_4843/C/01_combine/C_R2.fastq.gz, /home/jverwilt/JV2408_tear_RNA/output/20240906_AV242402_4843/C/01_combine/C_R1.fastq.gz
    wildcards: sample=C
    resources: tmpdir=/tmp


[Thu Sep 12 10:31:55 2024]
localrule combine:
    input: /home/jverwilt/JV2408_tear_RNA/data/20240906_AV242402_4843/reads/B_DNase/4843_02_B_DNase_240807_240626_first_test_S6_L001_R1_001.fastq.gz, /home/jverwilt/JV2408_tear_RNA/data/20240906_AV242402_4843/reads/B_DNase/4843_02_B_DNase_240807_240626_first_test_S6_L002_R1_001.fastq.gz, /home/jverwilt/JV2408_tear_RNA/data/20240906_AV242402_4843/reads/B_DNase/4843_02_B_DNase_240807_240626_first_test_S6_L001_R2_001.fastq.gz, /home/jverwilt/JV2408_tear_RNA/data/20240906_AV242402_4843/reads/B_DNase/4843_02_B_DNase_240807_240626_first_test_S6_L002_R2_001.fastq.gz
    output: /home/jverwilt/JV2408_tear_RNA/output/20240906_AV242402_4843/B_DNase/01_combine/B_DNase_R1.fastq.gz, /home/jverwilt/JV2408_tear_RNA/output/20240906_AV242402_4843/B_DNase/01_combine/B_DNase_R2.fastq.gz
    jobid: 4
    reason: Missing output files: /home/jverwilt/JV2408_tear_RNA/output/20240906_AV242402_4843/B_DNase/01_combine/B_DNase_R2.fastq.gz, /home/jverwilt/JV2408_tear_RNA/output/20240906_AV242402_4843/B_DNase/01_combine/B_DNase_R1.fastq.gz
    wildcards: sample=B_DNase
    resources: tmpdir=/tmp


[Thu Sep 12 10:31:55 2024]
localrule combine:
    input: /home/jverwilt/JV2408_tear_RNA/data/20240906_AV242402_4843/reads/positive_DNase/4843_07_positive_DNase_240807_240626_first_test_S11_L001_R1_001.fastq.gz, /home/jverwilt/JV2408_tear_RNA/data/20240906_AV242402_4843/reads/positive_DNase/4843_07_positive_DNase_240807_240626_first_test_S11_L002_R1_001.fastq.gz, /home/jverwilt/JV2408_tear_RNA/data/20240906_AV242402_4843/reads/positive_DNase/4843_07_positive_DNase_240807_240626_first_test_S11_L001_R2_001.fastq.gz, /home/jverwilt/JV2408_tear_RNA/data/20240906_AV242402_4843/reads/positive_DNase/4843_07_positive_DNase_240807_240626_first_test_S11_L002_R2_001.fastq.gz
    output: /home/jverwilt/JV2408_tear_RNA/output/20240906_AV242402_4843/positive_DNase/01_combine/positive_DNase_R1.fastq.gz, /home/jverwilt/JV2408_tear_RNA/output/20240906_AV242402_4843/positive_DNase/01_combine/positive_DNase_R2.fastq.gz
    jobid: 12
    reason: Missing output files: /home/jverwilt/JV2408_tear_RNA/output/20240906_AV242402_4843/positive_DNase/01_combine/positive_DNase_R2.fastq.gz, /home/jverwilt/JV2408_tear_RNA/output/20240906_AV242402_4843/positive_DNase/01_combine/positive_DNase_R1.fastq.gz
    wildcards: sample=positive_DNase
    resources: tmpdir=/tmp


[Thu Sep 12 10:31:55 2024]
localrule combine:
    input: /home/jverwilt/JV2408_tear_RNA/data/20240906_AV242402_4843/reads/B/4843_09_B_240807_240626_first_test_S13_L001_R1_001.fastq.gz, /home/jverwilt/JV2408_tear_RNA/data/20240906_AV242402_4843/reads/B/4843_09_B_240807_240626_first_test_S13_L002_R1_001.fastq.gz, /home/jverwilt/JV2408_tear_RNA/data/20240906_AV242402_4843/reads/B/4843_09_B_240807_240626_first_test_S13_L001_R2_001.fastq.gz, /home/jverwilt/JV2408_tear_RNA/data/20240906_AV242402_4843/reads/B/4843_09_B_240807_240626_first_test_S13_L002_R2_001.fastq.gz
    output: /home/jverwilt/JV2408_tear_RNA/output/20240906_AV242402_4843/B/01_combine/B_R1.fastq.gz, /home/jverwilt/JV2408_tear_RNA/output/20240906_AV242402_4843/B/01_combine/B_R2.fastq.gz
    jobid: 3
    reason: Missing output files: /home/jverwilt/JV2408_tear_RNA/output/20240906_AV242402_4843/B/01_combine/B_R2.fastq.gz, /home/jverwilt/JV2408_tear_RNA/output/20240906_AV242402_4843/B/01_combine/B_R1.fastq.gz
    wildcards: sample=B
    resources: tmpdir=/tmp


[Thu Sep 12 10:31:55 2024]
localrule combine:
    input: /home/jverwilt/JV2408_tear_RNA/data/20240906_AV242402_4843/reads/E_DNase/4843_05_E_DNase_240807_240626_first_test_S9_L001_R1_001.fastq.gz, /home/jverwilt/JV2408_tear_RNA/data/20240906_AV242402_4843/reads/E_DNase/4843_05_E_DNase_240807_240626_first_test_S9_L002_R1_001.fastq.gz, /home/jverwilt/JV2408_tear_RNA/data/20240906_AV242402_4843/reads/E_DNase/4843_05_E_DNase_240807_240626_first_test_S9_L001_R2_001.fastq.gz, /home/jverwilt/JV2408_tear_RNA/data/20240906_AV242402_4843/reads/E_DNase/4843_05_E_DNase_240807_240626_first_test_S9_L002_R2_001.fastq.gz
    output: /home/jverwilt/JV2408_tear_RNA/output/20240906_AV242402_4843/E_DNase/01_combine/E_DNase_R1.fastq.gz, /home/jverwilt/JV2408_tear_RNA/output/20240906_AV242402_4843/E_DNase/01_combine/E_DNase_R2.fastq.gz
    jobid: 10
    reason: Missing output files: /home/jverwilt/JV2408_tear_RNA/output/20240906_AV242402_4843/E_DNase/01_combine/E_DNase_R1.fastq.gz, /home/jverwilt/JV2408_tear_RNA/output/20240906_AV242402_4843/E_DNase/01_combine/E_DNase_R2.fastq.gz
    wildcards: sample=E_DNase
    resources: tmpdir=/tmp


[Thu Sep 12 10:31:55 2024]
localrule combine:
    input: /home/jverwilt/JV2408_tear_RNA/data/20240906_AV242402_4843/reads/positive/4843_06_positive_240807_240626_first_test_S10_L001_R1_001.fastq.gz, /home/jverwilt/JV2408_tear_RNA/data/20240906_AV242402_4843/reads/positive/4843_06_positive_240807_240626_first_test_S10_L002_R1_001.fastq.gz, /home/jverwilt/JV2408_tear_RNA/data/20240906_AV242402_4843/reads/positive/4843_06_positive_240807_240626_first_test_S10_L001_R2_001.fastq.gz, /home/jverwilt/JV2408_tear_RNA/data/20240906_AV242402_4843/reads/positive/4843_06_positive_240807_240626_first_test_S10_L002_R2_001.fastq.gz
    output: /home/jverwilt/JV2408_tear_RNA/output/20240906_AV242402_4843/positive/01_combine/positive_R1.fastq.gz, /home/jverwilt/JV2408_tear_RNA/output/20240906_AV242402_4843/positive/01_combine/positive_R2.fastq.gz
    jobid: 11
    reason: Missing output files: /home/jverwilt/JV2408_tear_RNA/output/20240906_AV242402_4843/positive/01_combine/positive_R2.fastq.gz, /home/jverwilt/JV2408_tear_RNA/output/20240906_AV242402_4843/positive/01_combine/positive_R1.fastq.gz
    wildcards: sample=positive
    resources: tmpdir=/tmp


[Thu Sep 12 10:31:55 2024]
localrule combine:
    input: /home/jverwilt/JV2408_tear_RNA/data/20240906_AV242402_4843/reads/E/4843_12_E_240807_240626_first_test_S16_L001_R1_001.fastq.gz, /home/jverwilt/JV2408_tear_RNA/data/20240906_AV242402_4843/reads/E/4843_12_E_240807_240626_first_test_S16_L002_R1_001.fastq.gz, /home/jverwilt/JV2408_tear_RNA/data/20240906_AV242402_4843/reads/E/4843_12_E_240807_240626_first_test_S16_L001_R2_001.fastq.gz, /home/jverwilt/JV2408_tear_RNA/data/20240906_AV242402_4843/reads/E/4843_12_E_240807_240626_first_test_S16_L002_R2_001.fastq.gz
    output: /home/jverwilt/JV2408_tear_RNA/output/20240906_AV242402_4843/E/01_combine/E_R1.fastq.gz, /home/jverwilt/JV2408_tear_RNA/output/20240906_AV242402_4843/E/01_combine/E_R2.fastq.gz
    jobid: 9
    reason: Missing output files: /home/jverwilt/JV2408_tear_RNA/output/20240906_AV242402_4843/E/01_combine/E_R2.fastq.gz, /home/jverwilt/JV2408_tear_RNA/output/20240906_AV242402_4843/E/01_combine/E_R1.fastq.gz
    wildcards: sample=E
    resources: tmpdir=/tmp


[Thu Sep 12 10:31:55 2024]
localrule combine:
    input: /home/jverwilt/JV2408_tear_RNA/data/20240906_AV242402_4843/reads/D_DNase/4843_04_D_DNase_240807_240626_first_test_S8_L001_R1_001.fastq.gz, /home/jverwilt/JV2408_tear_RNA/data/20240906_AV242402_4843/reads/D_DNase/4843_04_D_DNase_240807_240626_first_test_S8_L002_R1_001.fastq.gz, /home/jverwilt/JV2408_tear_RNA/data/20240906_AV242402_4843/reads/D_DNase/4843_04_D_DNase_240807_240626_first_test_S8_L001_R2_001.fastq.gz, /home/jverwilt/JV2408_tear_RNA/data/20240906_AV242402_4843/reads/D_DNase/4843_04_D_DNase_240807_240626_first_test_S8_L002_R2_001.fastq.gz
    output: /home/jverwilt/JV2408_tear_RNA/output/20240906_AV242402_4843/D_DNase/01_combine/D_DNase_R1.fastq.gz, /home/jverwilt/JV2408_tear_RNA/output/20240906_AV242402_4843/D_DNase/01_combine/D_DNase_R2.fastq.gz
    jobid: 8
    reason: Missing output files: /home/jverwilt/JV2408_tear_RNA/output/20240906_AV242402_4843/D_DNase/01_combine/D_DNase_R2.fastq.gz, /home/jverwilt/JV2408_tear_RNA/output/20240906_AV242402_4843/D_DNase/01_combine/D_DNase_R1.fastq.gz
    wildcards: sample=D_DNase
    resources: tmpdir=/tmp


[Thu Sep 12 10:31:55 2024]
localrule combine:
    input: /home/jverwilt/JV2408_tear_RNA/data/20240906_AV242402_4843/reads/D/4843_11_D_240807_240626_first_test_S15_L001_R1_001.fastq.gz, /home/jverwilt/JV2408_tear_RNA/data/20240906_AV242402_4843/reads/D/4843_11_D_240807_240626_first_test_S15_L002_R1_001.fastq.gz, /home/jverwilt/JV2408_tear_RNA/data/20240906_AV242402_4843/reads/D/4843_11_D_240807_240626_first_test_S15_L001_R2_001.fastq.gz, /home/jverwilt/JV2408_tear_RNA/data/20240906_AV242402_4843/reads/D/4843_11_D_240807_240626_first_test_S15_L002_R2_001.fastq.gz
    output: /home/jverwilt/JV2408_tear_RNA/output/20240906_AV242402_4843/D/01_combine/D_R1.fastq.gz, /home/jverwilt/JV2408_tear_RNA/output/20240906_AV242402_4843/D/01_combine/D_R2.fastq.gz
    jobid: 7
    reason: Missing output files: /home/jverwilt/JV2408_tear_RNA/output/20240906_AV242402_4843/D/01_combine/D_R2.fastq.gz, /home/jverwilt/JV2408_tear_RNA/output/20240906_AV242402_4843/D/01_combine/D_R1.fastq.gz
    wildcards: sample=D
    resources: tmpdir=/tmp

[Thu Sep 12 10:35:00 2024]
Finished job 10.
1 of 12 steps (8%) done
[Thu Sep 12 10:35:17 2024]
Finished job 9.
2 of 12 steps (17%) done
[Thu Sep 12 10:35:20 2024]
Finished job 8.
3 of 12 steps (25%) done
[Thu Sep 12 10:35:22 2024]
Finished job 3.
4 of 12 steps (33%) done
[Thu Sep 12 10:35:26 2024]
Finished job 5.
5 of 12 steps (42%) done
[Thu Sep 12 10:35:26 2024]
Finished job 1.
6 of 12 steps (50%) done
[Thu Sep 12 10:35:27 2024]
Finished job 4.
7 of 12 steps (58%) done
[Thu Sep 12 10:35:30 2024]
Finished job 12.
8 of 12 steps (67%) done
[Thu Sep 12 10:35:31 2024]
Finished job 7.
9 of 12 steps (75%) done
[Thu Sep 12 10:35:32 2024]
Finished job 11.
10 of 12 steps (83%) done
[Thu Sep 12 10:35:33 2024]
Finished job 6.
11 of 12 steps (92%) done
Select jobs to execute...
Execute 1 jobs...

[Thu Sep 12 10:35:33 2024]
localrule all:
    input: /home/jverwilt/JV2408_tear_RNA/output/20240906_AV242402_4843/A/01_combine/A_R1.fastq.gz, /home/jverwilt/JV2408_tear_RNA/output/20240906_AV242402_4843/A_DNase/01_combine/A_DNase_R1.fastq.gz, /home/jverwilt/JV2408_tear_RNA/output/20240906_AV242402_4843/B/01_combine/B_R1.fastq.gz, /home/jverwilt/JV2408_tear_RNA/output/20240906_AV242402_4843/B_DNase/01_combine/B_DNase_R1.fastq.gz, /home/jverwilt/JV2408_tear_RNA/output/20240906_AV242402_4843/C/01_combine/C_R1.fastq.gz, /home/jverwilt/JV2408_tear_RNA/output/20240906_AV242402_4843/C_DNase/01_combine/C_DNase_R1.fastq.gz, /home/jverwilt/JV2408_tear_RNA/output/20240906_AV242402_4843/D/01_combine/D_R1.fastq.gz, /home/jverwilt/JV2408_tear_RNA/output/20240906_AV242402_4843/D_DNase/01_combine/D_DNase_R1.fastq.gz, /home/jverwilt/JV2408_tear_RNA/output/20240906_AV242402_4843/E/01_combine/E_R1.fastq.gz, /home/jverwilt/JV2408_tear_RNA/output/20240906_AV242402_4843/E_DNase/01_combine/E_DNase_R1.fastq.gz, /home/jverwilt/JV2408_tear_RNA/output/20240906_AV242402_4843/positive/01_combine/positive_R1.fastq.gz, /home/jverwilt/JV2408_tear_RNA/output/20240906_AV242402_4843/positive_DNase/01_combine/positive_DNase_R1.fastq.gz, /home/jverwilt/JV2408_tear_RNA/output/20240906_AV242402_4843/A/01_combine/A_R2.fastq.gz, /home/jverwilt/JV2408_tear_RNA/output/20240906_AV242402_4843/A_DNase/01_combine/A_DNase_R2.fastq.gz, /home/jverwilt/JV2408_tear_RNA/output/20240906_AV242402_4843/B/01_combine/B_R2.fastq.gz, /home/jverwilt/JV2408_tear_RNA/output/20240906_AV242402_4843/B_DNase/01_combine/B_DNase_R2.fastq.gz, /home/jverwilt/JV2408_tear_RNA/output/20240906_AV242402_4843/C/01_combine/C_R2.fastq.gz, /home/jverwilt/JV2408_tear_RNA/output/20240906_AV242402_4843/C_DNase/01_combine/C_DNase_R2.fastq.gz, /home/jverwilt/JV2408_tear_RNA/output/20240906_AV242402_4843/D/01_combine/D_R2.fastq.gz, /home/jverwilt/JV2408_tear_RNA/output/20240906_AV242402_4843/D_DNase/01_combine/D_DNase_R2.fastq.gz, /home/jverwilt/JV2408_tear_RNA/output/20240906_AV242402_4843/E/01_combine/E_R2.fastq.gz, /home/jverwilt/JV2408_tear_RNA/output/20240906_AV242402_4843/E_DNase/01_combine/E_DNase_R2.fastq.gz, /home/jverwilt/JV2408_tear_RNA/output/20240906_AV242402_4843/positive/01_combine/positive_R2.fastq.gz, /home/jverwilt/JV2408_tear_RNA/output/20240906_AV242402_4843/positive_DNase/01_combine/positive_DNase_R2.fastq.gz
    jobid: 0
    reason: Input files updated by another job: /home/jverwilt/JV2408_tear_RNA/output/20240906_AV242402_4843/E_DNase/01_combine/E_DNase_R2.fastq.gz, /home/jverwilt/JV2408_tear_RNA/output/20240906_AV242402_4843/D_DNase/01_combine/D_DNase_R2.fastq.gz, /home/jverwilt/JV2408_tear_RNA/output/20240906_AV242402_4843/C/01_combine/C_R1.fastq.gz, /home/jverwilt/JV2408_tear_RNA/output/20240906_AV242402_4843/positive_DNase/01_combine/positive_DNase_R2.fastq.gz, /home/jverwilt/JV2408_tear_RNA/output/20240906_AV242402_4843/D/01_combine/D_R1.fastq.gz, /home/jverwilt/JV2408_tear_RNA/output/20240906_AV242402_4843/B_DNase/01_combine/B_DNase_R1.fastq.gz, /home/jverwilt/JV2408_tear_RNA/output/20240906_AV242402_4843/C_DNase/01_combine/C_DNase_R1.fastq.gz, /home/jverwilt/JV2408_tear_RNA/output/20240906_AV242402_4843/B_DNase/01_combine/B_DNase_R2.fastq.gz, /home/jverwilt/JV2408_tear_RNA/output/20240906_AV242402_4843/B/01_combine/B_R2.fastq.gz, /home/jverwilt/JV2408_tear_RNA/output/20240906_AV242402_4843/positive_DNase/01_combine/positive_DNase_R1.fastq.gz, /home/jverwilt/JV2408_tear_RNA/output/20240906_AV242402_4843/B/01_combine/B_R1.fastq.gz, /home/jverwilt/JV2408_tear_RNA/output/20240906_AV242402_4843/positive/01_combine/positive_R1.fastq.gz, /home/jverwilt/JV2408_tear_RNA/output/20240906_AV242402_4843/E/01_combine/E_R2.fastq.gz, /home/jverwilt/JV2408_tear_RNA/output/20240906_AV242402_4843/positive/01_combine/positive_R2.fastq.gz, /home/jverwilt/JV2408_tear_RNA/output/20240906_AV242402_4843/D/01_combine/D_R2.fastq.gz, /home/jverwilt/JV2408_tear_RNA/output/20240906_AV242402_4843/A/01_combine/A_R1.fastq.gz, /home/jverwilt/JV2408_tear_RNA/output/20240906_AV242402_4843/A/01_combine/A_R2.fastq.gz, /home/jverwilt/JV2408_tear_RNA/output/20240906_AV242402_4843/E_DNase/01_combine/E_DNase_R1.fastq.gz, /home/jverwilt/JV2408_tear_RNA/output/20240906_AV242402_4843/C/01_combine/C_R2.fastq.gz, /home/jverwilt/JV2408_tear_RNA/output/20240906_AV242402_4843/E/01_combine/E_R1.fastq.gz, /home/jverwilt/JV2408_tear_RNA/output/20240906_AV242402_4843/C_DNase/01_combine/C_DNase_R2.fastq.gz, /home/jverwilt/JV2408_tear_RNA/output/20240906_AV242402_4843/D_DNase/01_combine/D_DNase_R1.fastq.gz
    resources: tmpdir=/tmp

[Thu Sep 12 10:35:33 2024]
Finished job 0.
12 of 12 steps (100%) done
Complete log: .snakemake/log/2024-09-12T103153.594261.snakemake.log
