host: megalon
Building DAG of jobs...
Using shell: /usr/bin/bash
Provided cores: 80
Rules claiming more threads will be scaled down.
Job stats:
job      count
-----  -------
all          1
count       12
dedup       12
total       25

Select jobs to execute...
Execute 12 jobs...

[Fri Sep 13 09:35:11 2024]
localrule dedup:
    input: /home/jverwilt/JV2408_tear_RNA/output/20240906_AV242402_4843/A/03_map/A.Aligned.sortedByCoord.out.bam, /home/jverwilt/JV2408_tear_RNA/output/20240906_AV242402_4843/A/03_map/A.Aligned.sortedByCoord.out.bam.bai
    output: /home/jverwilt/JV2408_tear_RNA/output/20240906_AV242402_4843/A/04_dedup/A.Aligned.sortedByCoord.out.dedup.bam, /home/jverwilt/JV2408_tear_RNA/output/20240906_AV242402_4843/A/04_dedup/umidedup.txt
    jobid: 2
    reason: Missing output files: /home/jverwilt/JV2408_tear_RNA/output/20240906_AV242402_4843/A/04_dedup/A.Aligned.sortedByCoord.out.dedup.bam; Code has changed since last execution
    wildcards: sample=A
    resources: tmpdir=/tmp

Activating conda environment: base

[Fri Sep 13 09:35:11 2024]
localrule dedup:
    input: /home/jverwilt/JV2408_tear_RNA/output/20240906_AV242402_4843/positive_DNase/03_map/positive_DNase.Aligned.sortedByCoord.out.bam, /home/jverwilt/JV2408_tear_RNA/output/20240906_AV242402_4843/positive_DNase/03_map/positive_DNase.Aligned.sortedByCoord.out.bam.bai
    output: /home/jverwilt/JV2408_tear_RNA/output/20240906_AV242402_4843/positive_DNase/04_dedup/positive_DNase.Aligned.sortedByCoord.out.dedup.bam, /home/jverwilt/JV2408_tear_RNA/output/20240906_AV242402_4843/positive_DNase/04_dedup/umidedup.txt
    jobid: 68
    reason: Missing output files: /home/jverwilt/JV2408_tear_RNA/output/20240906_AV242402_4843/positive_DNase/04_dedup/positive_DNase.Aligned.sortedByCoord.out.dedup.bam; Code has changed since last execution
    wildcards: sample=positive_DNase
    resources: tmpdir=/tmp

Activating conda environment: base

[Fri Sep 13 09:35:11 2024]
localrule dedup:
    input: /home/jverwilt/JV2408_tear_RNA/output/20240906_AV242402_4843/C/03_map/C.Aligned.sortedByCoord.out.bam, /home/jverwilt/JV2408_tear_RNA/output/20240906_AV242402_4843/C/03_map/C.Aligned.sortedByCoord.out.bam.bai
    output: /home/jverwilt/JV2408_tear_RNA/output/20240906_AV242402_4843/C/04_dedup/C.Aligned.sortedByCoord.out.dedup.bam, /home/jverwilt/JV2408_tear_RNA/output/20240906_AV242402_4843/C/04_dedup/umidedup.txt
    jobid: 26
    reason: Missing output files: /home/jverwilt/JV2408_tear_RNA/output/20240906_AV242402_4843/C/04_dedup/C.Aligned.sortedByCoord.out.dedup.bam; Code has changed since last execution
    wildcards: sample=C
    resources: tmpdir=/tmp

Activating conda environment: base

[Fri Sep 13 09:35:11 2024]
localrule dedup:
    input: /home/jverwilt/JV2408_tear_RNA/output/20240906_AV242402_4843/B_DNase/03_map/B_DNase.Aligned.sortedByCoord.out.bam, /home/jverwilt/JV2408_tear_RNA/output/20240906_AV242402_4843/B_DNase/03_map/B_DNase.Aligned.sortedByCoord.out.bam.bai
    output: /home/jverwilt/JV2408_tear_RNA/output/20240906_AV242402_4843/B_DNase/04_dedup/B_DNase.Aligned.sortedByCoord.out.dedup.bam, /home/jverwilt/JV2408_tear_RNA/output/20240906_AV242402_4843/B_DNase/04_dedup/umidedup.txt
    jobid: 20
    reason: Missing output files: /home/jverwilt/JV2408_tear_RNA/output/20240906_AV242402_4843/B_DNase/04_dedup/B_DNase.Aligned.sortedByCoord.out.dedup.bam; Code has changed since last execution
    wildcards: sample=B_DNase
    resources: tmpdir=/tmp

Activating conda environment: base

[Fri Sep 13 09:35:11 2024]
localrule dedup:
    input: /home/jverwilt/JV2408_tear_RNA/output/20240906_AV242402_4843/positive/03_map/positive.Aligned.sortedByCoord.out.bam, /home/jverwilt/JV2408_tear_RNA/output/20240906_AV242402_4843/positive/03_map/positive.Aligned.sortedByCoord.out.bam.bai
    output: /home/jverwilt/JV2408_tear_RNA/output/20240906_AV242402_4843/positive/04_dedup/positive.Aligned.sortedByCoord.out.dedup.bam, /home/jverwilt/JV2408_tear_RNA/output/20240906_AV242402_4843/positive/04_dedup/umidedup.txt
    jobid: 62
    reason: Missing output files: /home/jverwilt/JV2408_tear_RNA/output/20240906_AV242402_4843/positive/04_dedup/positive.Aligned.sortedByCoord.out.dedup.bam; Code has changed since last execution
    wildcards: sample=positive
    resources: tmpdir=/tmp

Activating conda environment: base

[Fri Sep 13 09:35:11 2024]
localrule dedup:
    input: /home/jverwilt/JV2408_tear_RNA/output/20240906_AV242402_4843/A_DNase/03_map/A_DNase.Aligned.sortedByCoord.out.bam, /home/jverwilt/JV2408_tear_RNA/output/20240906_AV242402_4843/A_DNase/03_map/A_DNase.Aligned.sortedByCoord.out.bam.bai
    output: /home/jverwilt/JV2408_tear_RNA/output/20240906_AV242402_4843/A_DNase/04_dedup/A_DNase.Aligned.sortedByCoord.out.dedup.bam, /home/jverwilt/JV2408_tear_RNA/output/20240906_AV242402_4843/A_DNase/04_dedup/umidedup.txt
    jobid: 8
    reason: Missing output files: /home/jverwilt/JV2408_tear_RNA/output/20240906_AV242402_4843/A_DNase/04_dedup/A_DNase.Aligned.sortedByCoord.out.dedup.bam; Code has changed since last execution
    wildcards: sample=A_DNase
    resources: tmpdir=/tmp

Activating conda environment: base

[Fri Sep 13 09:35:11 2024]
localrule dedup:
    input: /home/jverwilt/JV2408_tear_RNA/output/20240906_AV242402_4843/B/03_map/B.Aligned.sortedByCoord.out.bam, /home/jverwilt/JV2408_tear_RNA/output/20240906_AV242402_4843/B/03_map/B.Aligned.sortedByCoord.out.bam.bai
    output: /home/jverwilt/JV2408_tear_RNA/output/20240906_AV242402_4843/B/04_dedup/B.Aligned.sortedByCoord.out.dedup.bam, /home/jverwilt/JV2408_tear_RNA/output/20240906_AV242402_4843/B/04_dedup/umidedup.txt
    jobid: 14
    reason: Missing output files: /home/jverwilt/JV2408_tear_RNA/output/20240906_AV242402_4843/B/04_dedup/B.Aligned.sortedByCoord.out.dedup.bam; Code has changed since last execution
    wildcards: sample=B
    resources: tmpdir=/tmp

Activating conda environment: base

[Fri Sep 13 09:35:11 2024]
localrule dedup:
    input: /home/jverwilt/JV2408_tear_RNA/output/20240906_AV242402_4843/C_DNase/03_map/C_DNase.Aligned.sortedByCoord.out.bam, /home/jverwilt/JV2408_tear_RNA/output/20240906_AV242402_4843/C_DNase/03_map/C_DNase.Aligned.sortedByCoord.out.bam.bai
    output: /home/jverwilt/JV2408_tear_RNA/output/20240906_AV242402_4843/C_DNase/04_dedup/C_DNase.Aligned.sortedByCoord.out.dedup.bam, /home/jverwilt/JV2408_tear_RNA/output/20240906_AV242402_4843/C_DNase/04_dedup/umidedup.txt
    jobid: 32
    reason: Missing output files: /home/jverwilt/JV2408_tear_RNA/output/20240906_AV242402_4843/C_DNase/04_dedup/C_DNase.Aligned.sortedByCoord.out.dedup.bam; Code has changed since last execution
    wildcards: sample=C_DNase
    resources: tmpdir=/tmp

Activating conda environment: base

[Fri Sep 13 09:35:11 2024]
localrule dedup:
    input: /home/jverwilt/JV2408_tear_RNA/output/20240906_AV242402_4843/D/03_map/D.Aligned.sortedByCoord.out.bam, /home/jverwilt/JV2408_tear_RNA/output/20240906_AV242402_4843/D/03_map/D.Aligned.sortedByCoord.out.bam.bai
    output: /home/jverwilt/JV2408_tear_RNA/output/20240906_AV242402_4843/D/04_dedup/D.Aligned.sortedByCoord.out.dedup.bam, /home/jverwilt/JV2408_tear_RNA/output/20240906_AV242402_4843/D/04_dedup/umidedup.txt
    jobid: 38
    reason: Missing output files: /home/jverwilt/JV2408_tear_RNA/output/20240906_AV242402_4843/D/04_dedup/D.Aligned.sortedByCoord.out.dedup.bam; Code has changed since last execution
    wildcards: sample=D
    resources: tmpdir=/tmp

Activating conda environment: base

[Fri Sep 13 09:35:11 2024]
localrule dedup:
    input: /home/jverwilt/JV2408_tear_RNA/output/20240906_AV242402_4843/D_DNase/03_map/D_DNase.Aligned.sortedByCoord.out.bam, /home/jverwilt/JV2408_tear_RNA/output/20240906_AV242402_4843/D_DNase/03_map/D_DNase.Aligned.sortedByCoord.out.bam.bai
    output: /home/jverwilt/JV2408_tear_RNA/output/20240906_AV242402_4843/D_DNase/04_dedup/D_DNase.Aligned.sortedByCoord.out.dedup.bam, /home/jverwilt/JV2408_tear_RNA/output/20240906_AV242402_4843/D_DNase/04_dedup/umidedup.txt
    jobid: 44
    reason: Missing output files: /home/jverwilt/JV2408_tear_RNA/output/20240906_AV242402_4843/D_DNase/04_dedup/D_DNase.Aligned.sortedByCoord.out.dedup.bam; Code has changed since last execution
    wildcards: sample=D_DNase
    resources: tmpdir=/tmp

Activating conda environment: base

[Fri Sep 13 09:35:11 2024]
localrule dedup:
    input: /home/jverwilt/JV2408_tear_RNA/output/20240906_AV242402_4843/E/03_map/E.Aligned.sortedByCoord.out.bam, /home/jverwilt/JV2408_tear_RNA/output/20240906_AV242402_4843/E/03_map/E.Aligned.sortedByCoord.out.bam.bai
    output: /home/jverwilt/JV2408_tear_RNA/output/20240906_AV242402_4843/E/04_dedup/E.Aligned.sortedByCoord.out.dedup.bam, /home/jverwilt/JV2408_tear_RNA/output/20240906_AV242402_4843/E/04_dedup/umidedup.txt
    jobid: 50
    reason: Missing output files: /home/jverwilt/JV2408_tear_RNA/output/20240906_AV242402_4843/E/04_dedup/E.Aligned.sortedByCoord.out.dedup.bam; Code has changed since last execution
    wildcards: sample=E
    resources: tmpdir=/tmp

Activating conda environment: base

[Fri Sep 13 09:35:11 2024]
localrule dedup:
    input: /home/jverwilt/JV2408_tear_RNA/output/20240906_AV242402_4843/E_DNase/03_map/E_DNase.Aligned.sortedByCoord.out.bam, /home/jverwilt/JV2408_tear_RNA/output/20240906_AV242402_4843/E_DNase/03_map/E_DNase.Aligned.sortedByCoord.out.bam.bai
    output: /home/jverwilt/JV2408_tear_RNA/output/20240906_AV242402_4843/E_DNase/04_dedup/E_DNase.Aligned.sortedByCoord.out.dedup.bam, /home/jverwilt/JV2408_tear_RNA/output/20240906_AV242402_4843/E_DNase/04_dedup/umidedup.txt
    jobid: 56
    reason: Missing output files: /home/jverwilt/JV2408_tear_RNA/output/20240906_AV242402_4843/E_DNase/04_dedup/E_DNase.Aligned.sortedByCoord.out.dedup.bam; Code has changed since last execution
    wildcards: sample=E_DNase
    resources: tmpdir=/tmp

Activating conda environment: base
[Fri Sep 13 09:51:13 2024]
Finished job 2.
1 of 25 steps (4%) done
Select jobs to execute...
Execute 1 jobs...

[Fri Sep 13 09:51:13 2024]
localrule count:
    input: /home/jverwilt/JV2408_tear_RNA/output/20240906_AV242402_4843/A/04_dedup/A.Aligned.sortedByCoord.out.dedup.bam
    output: /home/jverwilt/JV2408_tear_RNA/output/20240906_AV242402_4843/A/05_count/A_htseq_dedup_counts.txt
    jobid: 1
    reason: Missing output files: /home/jverwilt/JV2408_tear_RNA/output/20240906_AV242402_4843/A/05_count/A_htseq_dedup_counts.txt; Input files updated by another job: /home/jverwilt/JV2408_tear_RNA/output/20240906_AV242402_4843/A/04_dedup/A.Aligned.sortedByCoord.out.dedup.bam
    wildcards: sample=A
    resources: tmpdir=/tmp

[Fri Sep 13 09:52:51 2024]
Finished job 50.
2 of 25 steps (8%) done
Select jobs to execute...
Execute 1 jobs...

[Fri Sep 13 09:52:51 2024]
localrule count:
    input: /home/jverwilt/JV2408_tear_RNA/output/20240906_AV242402_4843/E/04_dedup/E.Aligned.sortedByCoord.out.dedup.bam
    output: /home/jverwilt/JV2408_tear_RNA/output/20240906_AV242402_4843/E/05_count/E_htseq_dedup_counts.txt
    jobid: 49
    reason: Missing output files: /home/jverwilt/JV2408_tear_RNA/output/20240906_AV242402_4843/E/05_count/E_htseq_dedup_counts.txt; Input files updated by another job: /home/jverwilt/JV2408_tear_RNA/output/20240906_AV242402_4843/E/04_dedup/E.Aligned.sortedByCoord.out.dedup.bam
    wildcards: sample=E
    resources: tmpdir=/tmp

[Fri Sep 13 09:53:06 2024]
Finished job 26.
3 of 25 steps (12%) done
Select jobs to execute...
Execute 1 jobs...

[Fri Sep 13 09:53:06 2024]
localrule count:
    input: /home/jverwilt/JV2408_tear_RNA/output/20240906_AV242402_4843/C/04_dedup/C.Aligned.sortedByCoord.out.dedup.bam
    output: /home/jverwilt/JV2408_tear_RNA/output/20240906_AV242402_4843/C/05_count/C_htseq_dedup_counts.txt
    jobid: 25
    reason: Missing output files: /home/jverwilt/JV2408_tear_RNA/output/20240906_AV242402_4843/C/05_count/C_htseq_dedup_counts.txt; Input files updated by another job: /home/jverwilt/JV2408_tear_RNA/output/20240906_AV242402_4843/C/04_dedup/C.Aligned.sortedByCoord.out.dedup.bam
    wildcards: sample=C
    resources: tmpdir=/tmp

[Fri Sep 13 09:54:43 2024]
Finished job 14.
4 of 25 steps (16%) done
Select jobs to execute...
Execute 1 jobs...

[Fri Sep 13 09:54:43 2024]
localrule count:
    input: /home/jverwilt/JV2408_tear_RNA/output/20240906_AV242402_4843/B/04_dedup/B.Aligned.sortedByCoord.out.dedup.bam
    output: /home/jverwilt/JV2408_tear_RNA/output/20240906_AV242402_4843/B/05_count/B_htseq_dedup_counts.txt
    jobid: 13
    reason: Missing output files: /home/jverwilt/JV2408_tear_RNA/output/20240906_AV242402_4843/B/05_count/B_htseq_dedup_counts.txt; Input files updated by another job: /home/jverwilt/JV2408_tear_RNA/output/20240906_AV242402_4843/B/04_dedup/B.Aligned.sortedByCoord.out.dedup.bam
    wildcards: sample=B
    resources: tmpdir=/tmp

[Fri Sep 13 09:59:03 2024]
Finished job 20.
5 of 25 steps (20%) done
Select jobs to execute...
Execute 1 jobs...

[Fri Sep 13 09:59:03 2024]
localrule count:
    input: /home/jverwilt/JV2408_tear_RNA/output/20240906_AV242402_4843/B_DNase/04_dedup/B_DNase.Aligned.sortedByCoord.out.dedup.bam
    output: /home/jverwilt/JV2408_tear_RNA/output/20240906_AV242402_4843/B_DNase/05_count/B_DNase_htseq_dedup_counts.txt
    jobid: 19
    reason: Missing output files: /home/jverwilt/JV2408_tear_RNA/output/20240906_AV242402_4843/B_DNase/05_count/B_DNase_htseq_dedup_counts.txt; Input files updated by another job: /home/jverwilt/JV2408_tear_RNA/output/20240906_AV242402_4843/B_DNase/04_dedup/B_DNase.Aligned.sortedByCoord.out.dedup.bam
    wildcards: sample=B_DNase
    resources: tmpdir=/tmp

[Fri Sep 13 09:59:38 2024]
Finished job 44.
6 of 25 steps (24%) done
Select jobs to execute...
Execute 1 jobs...

[Fri Sep 13 09:59:38 2024]
localrule count:
    input: /home/jverwilt/JV2408_tear_RNA/output/20240906_AV242402_4843/D_DNase/04_dedup/D_DNase.Aligned.sortedByCoord.out.dedup.bam
    output: /home/jverwilt/JV2408_tear_RNA/output/20240906_AV242402_4843/D_DNase/05_count/D_DNase_htseq_dedup_counts.txt
    jobid: 43
    reason: Missing output files: /home/jverwilt/JV2408_tear_RNA/output/20240906_AV242402_4843/D_DNase/05_count/D_DNase_htseq_dedup_counts.txt; Input files updated by another job: /home/jverwilt/JV2408_tear_RNA/output/20240906_AV242402_4843/D_DNase/04_dedup/D_DNase.Aligned.sortedByCoord.out.dedup.bam
    wildcards: sample=D_DNase
    resources: tmpdir=/tmp

[Fri Sep 13 10:01:54 2024]
Finished job 38.
7 of 25 steps (28%) done
Select jobs to execute...
Execute 1 jobs...

[Fri Sep 13 10:01:54 2024]
localrule count:
    input: /home/jverwilt/JV2408_tear_RNA/output/20240906_AV242402_4843/D/04_dedup/D.Aligned.sortedByCoord.out.dedup.bam
    output: /home/jverwilt/JV2408_tear_RNA/output/20240906_AV242402_4843/D/05_count/D_htseq_dedup_counts.txt
    jobid: 37
    reason: Missing output files: /home/jverwilt/JV2408_tear_RNA/output/20240906_AV242402_4843/D/05_count/D_htseq_dedup_counts.txt; Input files updated by another job: /home/jverwilt/JV2408_tear_RNA/output/20240906_AV242402_4843/D/04_dedup/D.Aligned.sortedByCoord.out.dedup.bam
    wildcards: sample=D
    resources: tmpdir=/tmp

[Fri Sep 13 10:03:44 2024]
Finished job 1.
8 of 25 steps (32%) done
[Fri Sep 13 10:05:04 2024]
Finished job 25.
9 of 25 steps (36%) done
[Fri Sep 13 10:05:15 2024]
Finished job 49.
10 of 25 steps (40%) done
[Fri Sep 13 10:09:59 2024]
Finished job 13.
11 of 25 steps (44%) done
[Fri Sep 13 10:10:15 2024]
Finished job 19.
12 of 25 steps (48%) done
[Fri Sep 13 10:11:10 2024]
Finished job 43.
13 of 25 steps (52%) done
[Fri Sep 13 10:14:48 2024]
Finished job 8.
14 of 25 steps (56%) done
Select jobs to execute...
Execute 1 jobs...

[Fri Sep 13 10:14:48 2024]
localrule count:
    input: /home/jverwilt/JV2408_tear_RNA/output/20240906_AV242402_4843/A_DNase/04_dedup/A_DNase.Aligned.sortedByCoord.out.dedup.bam
    output: /home/jverwilt/JV2408_tear_RNA/output/20240906_AV242402_4843/A_DNase/05_count/A_DNase_htseq_dedup_counts.txt
    jobid: 7
    reason: Missing output files: /home/jverwilt/JV2408_tear_RNA/output/20240906_AV242402_4843/A_DNase/05_count/A_DNase_htseq_dedup_counts.txt; Input files updated by another job: /home/jverwilt/JV2408_tear_RNA/output/20240906_AV242402_4843/A_DNase/04_dedup/A_DNase.Aligned.sortedByCoord.out.dedup.bam
    wildcards: sample=A_DNase
    resources: tmpdir=/tmp

[Fri Sep 13 10:19:54 2024]
Finished job 56.
15 of 25 steps (60%) done
Select jobs to execute...
Execute 1 jobs...

[Fri Sep 13 10:19:54 2024]
localrule count:
    input: /home/jverwilt/JV2408_tear_RNA/output/20240906_AV242402_4843/E_DNase/04_dedup/E_DNase.Aligned.sortedByCoord.out.dedup.bam
    output: /home/jverwilt/JV2408_tear_RNA/output/20240906_AV242402_4843/E_DNase/05_count/E_DNase_htseq_dedup_counts.txt
    jobid: 55
    reason: Missing output files: /home/jverwilt/JV2408_tear_RNA/output/20240906_AV242402_4843/E_DNase/05_count/E_DNase_htseq_dedup_counts.txt; Input files updated by another job: /home/jverwilt/JV2408_tear_RNA/output/20240906_AV242402_4843/E_DNase/04_dedup/E_DNase.Aligned.sortedByCoord.out.dedup.bam
    wildcards: sample=E_DNase
    resources: tmpdir=/tmp

[Fri Sep 13 10:22:26 2024]
Finished job 37.
16 of 25 steps (64%) done
[Fri Sep 13 10:28:36 2024]
Finished job 32.
17 of 25 steps (68%) done
Select jobs to execute...
Execute 1 jobs...

[Fri Sep 13 10:28:36 2024]
localrule count:
    input: /home/jverwilt/JV2408_tear_RNA/output/20240906_AV242402_4843/C_DNase/04_dedup/C_DNase.Aligned.sortedByCoord.out.dedup.bam
    output: /home/jverwilt/JV2408_tear_RNA/output/20240906_AV242402_4843/C_DNase/05_count/C_DNase_htseq_dedup_counts.txt
    jobid: 31
    reason: Missing output files: /home/jverwilt/JV2408_tear_RNA/output/20240906_AV242402_4843/C_DNase/05_count/C_DNase_htseq_dedup_counts.txt; Input files updated by another job: /home/jverwilt/JV2408_tear_RNA/output/20240906_AV242402_4843/C_DNase/04_dedup/C_DNase.Aligned.sortedByCoord.out.dedup.bam
    wildcards: sample=C_DNase
    resources: tmpdir=/tmp

[Fri Sep 13 10:32:05 2024]
Finished job 7.
18 of 25 steps (72%) done
[Fri Sep 13 10:39:21 2024]
Finished job 55.
19 of 25 steps (76%) done
[Fri Sep 13 10:39:50 2024]
Finished job 68.
20 of 25 steps (80%) done
Select jobs to execute...
Execute 1 jobs...

[Fri Sep 13 10:39:50 2024]
localrule count:
    input: /home/jverwilt/JV2408_tear_RNA/output/20240906_AV242402_4843/positive_DNase/04_dedup/positive_DNase.Aligned.sortedByCoord.out.dedup.bam
    output: /home/jverwilt/JV2408_tear_RNA/output/20240906_AV242402_4843/positive_DNase/05_count/positive_DNase_htseq_dedup_counts.txt
    jobid: 67
    reason: Missing output files: /home/jverwilt/JV2408_tear_RNA/output/20240906_AV242402_4843/positive_DNase/05_count/positive_DNase_htseq_dedup_counts.txt; Input files updated by another job: /home/jverwilt/JV2408_tear_RNA/output/20240906_AV242402_4843/positive_DNase/04_dedup/positive_DNase.Aligned.sortedByCoord.out.dedup.bam
    wildcards: sample=positive_DNase
    resources: tmpdir=/tmp

[Fri Sep 13 10:46:50 2024]
Finished job 31.
21 of 25 steps (84%) done
[Fri Sep 13 10:48:50 2024]
Finished job 62.
22 of 25 steps (88%) done
Select jobs to execute...
Execute 1 jobs...

[Fri Sep 13 10:48:50 2024]
localrule count:
    input: /home/jverwilt/JV2408_tear_RNA/output/20240906_AV242402_4843/positive/04_dedup/positive.Aligned.sortedByCoord.out.dedup.bam
    output: /home/jverwilt/JV2408_tear_RNA/output/20240906_AV242402_4843/positive/05_count/positive_htseq_dedup_counts.txt
    jobid: 61
    reason: Missing output files: /home/jverwilt/JV2408_tear_RNA/output/20240906_AV242402_4843/positive/05_count/positive_htseq_dedup_counts.txt; Input files updated by another job: /home/jverwilt/JV2408_tear_RNA/output/20240906_AV242402_4843/positive/04_dedup/positive.Aligned.sortedByCoord.out.dedup.bam
    wildcards: sample=positive
    resources: tmpdir=/tmp

[Fri Sep 13 11:17:33 2024]
Finished job 67.
23 of 25 steps (92%) done
[Fri Sep 13 11:30:08 2024]
Finished job 61.
24 of 25 steps (96%) done
Select jobs to execute...
Execute 1 jobs...

[Fri Sep 13 11:30:08 2024]
localrule all:
    input: /home/jverwilt/JV2408_tear_RNA/output/20240906_AV242402_4843/A/05_count/A_htseq_dedup_counts.txt, /home/jverwilt/JV2408_tear_RNA/output/20240906_AV242402_4843/A_DNase/05_count/A_DNase_htseq_dedup_counts.txt, /home/jverwilt/JV2408_tear_RNA/output/20240906_AV242402_4843/B/05_count/B_htseq_dedup_counts.txt, /home/jverwilt/JV2408_tear_RNA/output/20240906_AV242402_4843/B_DNase/05_count/B_DNase_htseq_dedup_counts.txt, /home/jverwilt/JV2408_tear_RNA/output/20240906_AV242402_4843/C/05_count/C_htseq_dedup_counts.txt, /home/jverwilt/JV2408_tear_RNA/output/20240906_AV242402_4843/C_DNase/05_count/C_DNase_htseq_dedup_counts.txt, /home/jverwilt/JV2408_tear_RNA/output/20240906_AV242402_4843/D/05_count/D_htseq_dedup_counts.txt, /home/jverwilt/JV2408_tear_RNA/output/20240906_AV242402_4843/D_DNase/05_count/D_DNase_htseq_dedup_counts.txt, /home/jverwilt/JV2408_tear_RNA/output/20240906_AV242402_4843/E/05_count/E_htseq_dedup_counts.txt, /home/jverwilt/JV2408_tear_RNA/output/20240906_AV242402_4843/E_DNase/05_count/E_DNase_htseq_dedup_counts.txt, /home/jverwilt/JV2408_tear_RNA/output/20240906_AV242402_4843/positive/05_count/positive_htseq_dedup_counts.txt, /home/jverwilt/JV2408_tear_RNA/output/20240906_AV242402_4843/positive_DNase/05_count/positive_DNase_htseq_dedup_counts.txt
    jobid: 0
    reason: Input files updated by another job: /home/jverwilt/JV2408_tear_RNA/output/20240906_AV242402_4843/B/05_count/B_htseq_dedup_counts.txt, /home/jverwilt/JV2408_tear_RNA/output/20240906_AV242402_4843/D_DNase/05_count/D_DNase_htseq_dedup_counts.txt, /home/jverwilt/JV2408_tear_RNA/output/20240906_AV242402_4843/E/05_count/E_htseq_dedup_counts.txt, /home/jverwilt/JV2408_tear_RNA/output/20240906_AV242402_4843/B_DNase/05_count/B_DNase_htseq_dedup_counts.txt, /home/jverwilt/JV2408_tear_RNA/output/20240906_AV242402_4843/C/05_count/C_htseq_dedup_counts.txt, /home/jverwilt/JV2408_tear_RNA/output/20240906_AV242402_4843/C_DNase/05_count/C_DNase_htseq_dedup_counts.txt, /home/jverwilt/JV2408_tear_RNA/output/20240906_AV242402_4843/A/05_count/A_htseq_dedup_counts.txt, /home/jverwilt/JV2408_tear_RNA/output/20240906_AV242402_4843/positive/05_count/positive_htseq_dedup_counts.txt, /home/jverwilt/JV2408_tear_RNA/output/20240906_AV242402_4843/E_DNase/05_count/E_DNase_htseq_dedup_counts.txt, /home/jverwilt/JV2408_tear_RNA/output/20240906_AV242402_4843/D/05_count/D_htseq_dedup_counts.txt, /home/jverwilt/JV2408_tear_RNA/output/20240906_AV242402_4843/positive_DNase/05_count/positive_DNase_htseq_dedup_counts.txt, /home/jverwilt/JV2408_tear_RNA/output/20240906_AV242402_4843/A_DNase/05_count/A_DNase_htseq_dedup_counts.txt
    resources: tmpdir=/tmp

[Fri Sep 13 11:30:08 2024]
Finished job 0.
25 of 25 steps (100%) done
Complete log: .snakemake/log/2024-09-13T093508.622339.snakemake.log
