host: megalon
Building DAG of jobs...
Using shell: /usr/bin/bash
Provided cores: 80
Rules claiming more threads will be scaled down.
Conda environments: ignored
Job stats:
job      count
-----  -------
dedup        1
total        1

Select jobs to execute...
Execute 1 jobs...

[Wed Sep 11 21:35:08 2024]
localrule dedup:
    input: ../output/20240906_AV242402_4843/A_DNase/03_map/A_DNase.Aligned.sortedByCoord.out.bam
    output: ../output/20240906_AV242402_4843/A_DNase/04_dedup/A_DNase.Aligned.sortedByCoord.out.dedup.bam
    jobid: 0
    reason: Missing output files: ../output/20240906_AV242402_4843/A_DNase/04_dedup/A_DNase.Aligned.sortedByCoord.out.dedup.bam
    resources: tmpdir=/tmp

[Wed Sep 11 21:35:08 2024]
Error in rule dedup:
    jobid: 0
    input: ../output/20240906_AV242402_4843/A_DNase/03_map/A_DNase.Aligned.sortedByCoord.out.bam
    output: ../output/20240906_AV242402_4843/A_DNase/04_dedup/A_DNase.Aligned.sortedByCoord.out.dedup.bam
    conda-env: base
    shell:
        umi_tools dedup -I ../output/20240906_AV242402_4843/A_DNase/03_map/A_DNase.Aligned.sortedByCoord.out.bam --output-stats=deduplicated -S ../output/20240906_AV242402_4843/A_DNase/04_dedup/A_DNase.Aligned.sortedByCoord.out.dedup.bam
        (one of the commands exited with non-zero exit code; note that snakemake uses bash strict mode!)

Shutting down, this might take some time.
Exiting because a job execution failed. Look above for error message
Complete log: .snakemake/log/2024-09-11T213508.519869.snakemake.log
WorkflowError:
At least one job did not complete successfully.
