host: megalon
Building DAG of jobs...
Using shell: /usr/bin/bash
Provided cores: 80
Rules claiming more threads will be scaled down.
Job stats:
job      count
-----  -------
count        1
total        1

Select jobs to execute...
Execute 1 jobs...

[Thu Sep 12 09:02:48 2024]
localrule count:
    input: ../output/20240906_AV242402_4843/A_DNase/04_dedup/A_DNase.Aligned.sortedByCoord.out.dedup.bam
    output: ../output/20240906_AV242402_4843/A_DNase/05_count/A_DNase_htseq_dedup_counts.txt
    jobid: 0
    reason: Missing output files: ../output/20240906_AV242402_4843/A_DNase/05_count/A_DNase_htseq_dedup_counts.txt
    resources: tmpdir=/tmp

Activating conda environment: base
[Thu Sep 12 09:02:48 2024]
Error in rule count:
    jobid: 0
    input: ../output/20240906_AV242402_4843/A_DNase/04_dedup/A_DNase.Aligned.sortedByCoord.out.dedup.bam
    output: ../output/20240906_AV242402_4843/A_DNase/05_count/A_DNase_htseq_dedup_counts.txt
    conda-env: base
    shell:
        htseq-count --format bam --order pos --nonunique none --stranded reverse ../output/20240906_AV242402_4843/A_DNase/04_dedup/A_DNase.Aligned.sortedByCoord.out.dedup.bam /home/jverwilt/resources/gtf/chm13/chm13_MT_spikes.gtf > ../output/20240906_AV242402_4843/A_DNase/05_count/A_DNase_htseq_dedup_counts.txt
        (one of the commands exited with non-zero exit code; note that snakemake uses bash strict mode!)

Removing output files of failed job count since they might be corrupted:
../output/20240906_AV242402_4843/A_DNase/05_count/A_DNase_htseq_dedup_counts.txt
Shutting down, this might take some time.
Exiting because a job execution failed. Look above for error message
Complete log: .snakemake/log/2024-09-12T090248.087652.snakemake.log
WorkflowError:
At least one job did not complete successfully.
