host: megalon
Building DAG of jobs...
Using shell: /usr/bin/bash
Provided cores: 80
Rules claiming more threads will be scaled down.
Job stats:
job            count
-----------  -------
extract_umi        1
total              1

Select jobs to execute...
Execute 1 jobs...

[Wed Sep 11 16:50:14 2024]
localrule extract_umi:
    input: ../output/20240906_AV242402_4843/A_DNase/01_combine/A_DNase_R1.fastq.gz, ../output/20240906_AV242402_4843/A_DNase/01_combine/A_DNase_R2.fastq.gz
    output: ../output/20240906_AV242402_4843/A_DNase/02_extract_umi/A_DNase_R1_extract_umi.fastq.gz, ../output/20240906_AV242402_4843/A_DNase/02_extract_umi/A_DNase_R2_extract_umi.fastq.gz, ../output/20240906_AV242402_4843/A_DNase/02_extract_umi/UMIextract.log
    jobid: 0
    reason: Missing output files: ../output/20240906_AV242402_4843/A_DNase/02_extract_umi/A_DNase_R2_extract_umi.fastq.gz, ../output/20240906_AV242402_4843/A_DNase/02_extract_umi/UMIextract.log, ../output/20240906_AV242402_4843/A_DNase/02_extract_umi/A_DNase_R1_extract_umi.fastq.gz
    resources: tmpdir=/tmp

Activating conda environment: base
[Wed Sep 11 17:32:32 2024]
Finished job 0.
1 of 1 steps (100%) done
Complete log: .snakemake/log/2024-09-11T165014.559301.snakemake.log
