host: megalon
Building DAG of jobs...
Using shell: /usr/bin/bash
Provided cores: 80
Rules claiming more threads will be scaled down.
Job stats:
job            count
-----------  -------
all                1
extract_umi       12
total             13

Select jobs to execute...
Execute 12 jobs...

[Thu Sep 12 15:40:37 2024]
localrule extract_umi:
    input: /home/jverwilt/JV2408_tear_RNA/output/20240906_AV242402_4843/E/01_combine/E_R1.fastq.gz, /home/jverwilt/JV2408_tear_RNA/output/20240906_AV242402_4843/E/01_combine/E_R2.fastq.gz
    output: /home/jverwilt/JV2408_tear_RNA/output/20240906_AV242402_4843/E/02_extract_umi/E_umi_R1.fastq.gz, /home/jverwilt/JV2408_tear_RNA/output/20240906_AV242402_4843/E/02_extract_umi/E_umi_R2.fastq.gz, /home/jverwilt/JV2408_tear_RNA/output/20240906_AV242402_4843/E/02_extract_umi/UMIextract.log
    jobid: 17
    reason: Software environment definition has changed since last execution
    wildcards: sample=E
    resources: tmpdir=/tmp

Activating conda environment: base

[Thu Sep 12 15:40:38 2024]
localrule extract_umi:
    input: /home/jverwilt/JV2408_tear_RNA/output/20240906_AV242402_4843/B/01_combine/B_R1.fastq.gz, /home/jverwilt/JV2408_tear_RNA/output/20240906_AV242402_4843/B/01_combine/B_R2.fastq.gz
    output: /home/jverwilt/JV2408_tear_RNA/output/20240906_AV242402_4843/B/02_extract_umi/B_umi_R1.fastq.gz, /home/jverwilt/JV2408_tear_RNA/output/20240906_AV242402_4843/B/02_extract_umi/B_umi_R2.fastq.gz, /home/jverwilt/JV2408_tear_RNA/output/20240906_AV242402_4843/B/02_extract_umi/UMIextract.log
    jobid: 5
    reason: Forced execution
    wildcards: sample=B
    resources: tmpdir=/tmp

Activating conda environment: base

[Thu Sep 12 15:40:38 2024]
localrule extract_umi:
    input: /home/jverwilt/JV2408_tear_RNA/output/20240906_AV242402_4843/C_DNase/01_combine/C_DNase_R1.fastq.gz, /home/jverwilt/JV2408_tear_RNA/output/20240906_AV242402_4843/C_DNase/01_combine/C_DNase_R2.fastq.gz
    output: /home/jverwilt/JV2408_tear_RNA/output/20240906_AV242402_4843/C_DNase/02_extract_umi/C_DNase_umi_R1.fastq.gz, /home/jverwilt/JV2408_tear_RNA/output/20240906_AV242402_4843/C_DNase/02_extract_umi/C_DNase_umi_R2.fastq.gz, /home/jverwilt/JV2408_tear_RNA/output/20240906_AV242402_4843/C_DNase/02_extract_umi/UMIextract.log
    jobid: 11
    reason: Software environment definition has changed since last execution
    wildcards: sample=C_DNase
    resources: tmpdir=/tmp

Activating conda environment: base

[Thu Sep 12 15:40:39 2024]
localrule extract_umi:
    input: /home/jverwilt/JV2408_tear_RNA/output/20240906_AV242402_4843/positive_DNase/01_combine/positive_DNase_R1.fastq.gz, /home/jverwilt/JV2408_tear_RNA/output/20240906_AV242402_4843/positive_DNase/01_combine/positive_DNase_R2.fastq.gz
    output: /home/jverwilt/JV2408_tear_RNA/output/20240906_AV242402_4843/positive_DNase/02_extract_umi/positive_DNase_umi_R1.fastq.gz, /home/jverwilt/JV2408_tear_RNA/output/20240906_AV242402_4843/positive_DNase/02_extract_umi/positive_DNase_umi_R2.fastq.gz, /home/jverwilt/JV2408_tear_RNA/output/20240906_AV242402_4843/positive_DNase/02_extract_umi/UMIextract.log
    jobid: 23
    reason: Software environment definition has changed since last execution
    wildcards: sample=positive_DNase
    resources: tmpdir=/tmp

Activating conda environment: base

[Thu Sep 12 15:40:39 2024]
localrule extract_umi:
    input: /home/jverwilt/JV2408_tear_RNA/output/20240906_AV242402_4843/B_DNase/01_combine/B_DNase_R1.fastq.gz, /home/jverwilt/JV2408_tear_RNA/output/20240906_AV242402_4843/B_DNase/01_combine/B_DNase_R2.fastq.gz
    output: /home/jverwilt/JV2408_tear_RNA/output/20240906_AV242402_4843/B_DNase/02_extract_umi/B_DNase_umi_R1.fastq.gz, /home/jverwilt/JV2408_tear_RNA/output/20240906_AV242402_4843/B_DNase/02_extract_umi/B_DNase_umi_R2.fastq.gz, /home/jverwilt/JV2408_tear_RNA/output/20240906_AV242402_4843/B_DNase/02_extract_umi/UMIextract.log
    jobid: 7
    reason: Forced execution
    wildcards: sample=B_DNase
    resources: tmpdir=/tmp

Activating conda environment: base

[Thu Sep 12 15:40:39 2024]
localrule extract_umi:
    input: /home/jverwilt/JV2408_tear_RNA/output/20240906_AV242402_4843/E_DNase/01_combine/E_DNase_R1.fastq.gz, /home/jverwilt/JV2408_tear_RNA/output/20240906_AV242402_4843/E_DNase/01_combine/E_DNase_R2.fastq.gz
    output: /home/jverwilt/JV2408_tear_RNA/output/20240906_AV242402_4843/E_DNase/02_extract_umi/E_DNase_umi_R1.fastq.gz, /home/jverwilt/JV2408_tear_RNA/output/20240906_AV242402_4843/E_DNase/02_extract_umi/E_DNase_umi_R2.fastq.gz, /home/jverwilt/JV2408_tear_RNA/output/20240906_AV242402_4843/E_DNase/02_extract_umi/UMIextract.log
    jobid: 19
    reason: Software environment definition has changed since last execution
    wildcards: sample=E_DNase
    resources: tmpdir=/tmp

Activating conda environment: base

[Thu Sep 12 15:40:40 2024]
localrule extract_umi:
    input: /home/jverwilt/JV2408_tear_RNA/output/20240906_AV242402_4843/A/01_combine/A_R1.fastq.gz, /home/jverwilt/JV2408_tear_RNA/output/20240906_AV242402_4843/A/01_combine/A_R2.fastq.gz
    output: /home/jverwilt/JV2408_tear_RNA/output/20240906_AV242402_4843/A/02_extract_umi/A_umi_R1.fastq.gz, /home/jverwilt/JV2408_tear_RNA/output/20240906_AV242402_4843/A/02_extract_umi/A_umi_R2.fastq.gz, /home/jverwilt/JV2408_tear_RNA/output/20240906_AV242402_4843/A/02_extract_umi/UMIextract.log
    jobid: 1
    reason: Forced execution
    wildcards: sample=A
    resources: tmpdir=/tmp

Activating conda environment: base

[Thu Sep 12 15:40:40 2024]
localrule extract_umi:
    input: /home/jverwilt/JV2408_tear_RNA/output/20240906_AV242402_4843/D/01_combine/D_R1.fastq.gz, /home/jverwilt/JV2408_tear_RNA/output/20240906_AV242402_4843/D/01_combine/D_R2.fastq.gz
    output: /home/jverwilt/JV2408_tear_RNA/output/20240906_AV242402_4843/D/02_extract_umi/D_umi_R1.fastq.gz, /home/jverwilt/JV2408_tear_RNA/output/20240906_AV242402_4843/D/02_extract_umi/D_umi_R2.fastq.gz, /home/jverwilt/JV2408_tear_RNA/output/20240906_AV242402_4843/D/02_extract_umi/UMIextract.log
    jobid: 13
    reason: Software environment definition has changed since last execution
    wildcards: sample=D
    resources: tmpdir=/tmp

Activating conda environment: base

[Thu Sep 12 15:40:41 2024]
localrule extract_umi:
    input: /home/jverwilt/JV2408_tear_RNA/output/20240906_AV242402_4843/C/01_combine/C_R1.fastq.gz, /home/jverwilt/JV2408_tear_RNA/output/20240906_AV242402_4843/C/01_combine/C_R2.fastq.gz
    output: /home/jverwilt/JV2408_tear_RNA/output/20240906_AV242402_4843/C/02_extract_umi/C_umi_R1.fastq.gz, /home/jverwilt/JV2408_tear_RNA/output/20240906_AV242402_4843/C/02_extract_umi/C_umi_R2.fastq.gz, /home/jverwilt/JV2408_tear_RNA/output/20240906_AV242402_4843/C/02_extract_umi/UMIextract.log
    jobid: 9
    reason: Software environment definition has changed since last execution
    wildcards: sample=C
    resources: tmpdir=/tmp

Activating conda environment: base

[Thu Sep 12 15:40:41 2024]
localrule extract_umi:
    input: /home/jverwilt/JV2408_tear_RNA/output/20240906_AV242402_4843/D_DNase/01_combine/D_DNase_R1.fastq.gz, /home/jverwilt/JV2408_tear_RNA/output/20240906_AV242402_4843/D_DNase/01_combine/D_DNase_R2.fastq.gz
    output: /home/jverwilt/JV2408_tear_RNA/output/20240906_AV242402_4843/D_DNase/02_extract_umi/D_DNase_umi_R1.fastq.gz, /home/jverwilt/JV2408_tear_RNA/output/20240906_AV242402_4843/D_DNase/02_extract_umi/D_DNase_umi_R2.fastq.gz, /home/jverwilt/JV2408_tear_RNA/output/20240906_AV242402_4843/D_DNase/02_extract_umi/UMIextract.log
    jobid: 15
    reason: Forced execution
    wildcards: sample=D_DNase
    resources: tmpdir=/tmp

Activating conda environment: base

[Thu Sep 12 15:40:42 2024]
localrule extract_umi:
    input: /home/jverwilt/JV2408_tear_RNA/output/20240906_AV242402_4843/A_DNase/01_combine/A_DNase_R1.fastq.gz, /home/jverwilt/JV2408_tear_RNA/output/20240906_AV242402_4843/A_DNase/01_combine/A_DNase_R2.fastq.gz
    output: /home/jverwilt/JV2408_tear_RNA/output/20240906_AV242402_4843/A_DNase/02_extract_umi/A_DNase_umi_R1.fastq.gz, /home/jverwilt/JV2408_tear_RNA/output/20240906_AV242402_4843/A_DNase/02_extract_umi/A_DNase_umi_R2.fastq.gz, /home/jverwilt/JV2408_tear_RNA/output/20240906_AV242402_4843/A_DNase/02_extract_umi/UMIextract.log
    jobid: 3
    reason: Software environment definition has changed since last execution
    wildcards: sample=A_DNase
    resources: tmpdir=/tmp

Activating conda environment: base

[Thu Sep 12 15:40:42 2024]
localrule extract_umi:
    input: /home/jverwilt/JV2408_tear_RNA/output/20240906_AV242402_4843/positive/01_combine/positive_R1.fastq.gz, /home/jverwilt/JV2408_tear_RNA/output/20240906_AV242402_4843/positive/01_combine/positive_R2.fastq.gz
    output: /home/jverwilt/JV2408_tear_RNA/output/20240906_AV242402_4843/positive/02_extract_umi/positive_umi_R1.fastq.gz, /home/jverwilt/JV2408_tear_RNA/output/20240906_AV242402_4843/positive/02_extract_umi/positive_umi_R2.fastq.gz, /home/jverwilt/JV2408_tear_RNA/output/20240906_AV242402_4843/positive/02_extract_umi/UMIextract.log
    jobid: 21
    reason: Forced execution
    wildcards: sample=positive
    resources: tmpdir=/tmp

Activating conda environment: base
[Thu Sep 12 16:16:09 2024]
Finished job 7.
1 of 13 steps (8%) done
[Thu Sep 12 16:16:53 2024]
Finished job 15.
2 of 13 steps (15%) done
[Thu Sep 12 16:18:03 2024]
Finished job 1.
3 of 13 steps (23%) done
[Thu Sep 12 16:18:35 2024]
Finished job 19.
4 of 13 steps (31%) done
[Thu Sep 12 16:19:38 2024]
Finished job 9.
5 of 13 steps (38%) done
[Thu Sep 12 16:22:15 2024]
Finished job 13.
6 of 13 steps (46%) done
[Thu Sep 12 16:23:04 2024]
Finished job 17.
7 of 13 steps (54%) done
[Thu Sep 12 16:23:30 2024]
Finished job 5.
8 of 13 steps (62%) done
[Thu Sep 12 16:28:42 2024]
Finished job 3.
9 of 13 steps (69%) done
[Thu Sep 12 16:30:28 2024]
Finished job 23.
10 of 13 steps (77%) done
[Thu Sep 12 16:31:51 2024]
Finished job 11.
11 of 13 steps (85%) done
[Thu Sep 12 16:32:50 2024]
Finished job 21.
12 of 13 steps (92%) done
Select jobs to execute...
Execute 1 jobs...

[Thu Sep 12 16:32:50 2024]
localrule all:
    input: /home/jverwilt/JV2408_tear_RNA/output/20240906_AV242402_4843/A/02_extract_umi/A_umi_R1.fastq.gz, /home/jverwilt/JV2408_tear_RNA/output/20240906_AV242402_4843/A_DNase/02_extract_umi/A_DNase_umi_R1.fastq.gz, /home/jverwilt/JV2408_tear_RNA/output/20240906_AV242402_4843/B/02_extract_umi/B_umi_R1.fastq.gz, /home/jverwilt/JV2408_tear_RNA/output/20240906_AV242402_4843/B_DNase/02_extract_umi/B_DNase_umi_R1.fastq.gz, /home/jverwilt/JV2408_tear_RNA/output/20240906_AV242402_4843/C/02_extract_umi/C_umi_R1.fastq.gz, /home/jverwilt/JV2408_tear_RNA/output/20240906_AV242402_4843/C_DNase/02_extract_umi/C_DNase_umi_R1.fastq.gz, /home/jverwilt/JV2408_tear_RNA/output/20240906_AV242402_4843/D/02_extract_umi/D_umi_R1.fastq.gz, /home/jverwilt/JV2408_tear_RNA/output/20240906_AV242402_4843/D_DNase/02_extract_umi/D_DNase_umi_R1.fastq.gz, /home/jverwilt/JV2408_tear_RNA/output/20240906_AV242402_4843/E/02_extract_umi/E_umi_R1.fastq.gz, /home/jverwilt/JV2408_tear_RNA/output/20240906_AV242402_4843/E_DNase/02_extract_umi/E_DNase_umi_R1.fastq.gz, /home/jverwilt/JV2408_tear_RNA/output/20240906_AV242402_4843/positive/02_extract_umi/positive_umi_R1.fastq.gz, /home/jverwilt/JV2408_tear_RNA/output/20240906_AV242402_4843/positive_DNase/02_extract_umi/positive_DNase_umi_R1.fastq.gz, /home/jverwilt/JV2408_tear_RNA/output/20240906_AV242402_4843/A/02_extract_umi/A_umi_R2.fastq.gz, /home/jverwilt/JV2408_tear_RNA/output/20240906_AV242402_4843/A_DNase/02_extract_umi/A_DNase_umi_R2.fastq.gz, /home/jverwilt/JV2408_tear_RNA/output/20240906_AV242402_4843/B/02_extract_umi/B_umi_R2.fastq.gz, /home/jverwilt/JV2408_tear_RNA/output/20240906_AV242402_4843/B_DNase/02_extract_umi/B_DNase_umi_R2.fastq.gz, /home/jverwilt/JV2408_tear_RNA/output/20240906_AV242402_4843/C/02_extract_umi/C_umi_R2.fastq.gz, /home/jverwilt/JV2408_tear_RNA/output/20240906_AV242402_4843/C_DNase/02_extract_umi/C_DNase_umi_R2.fastq.gz, /home/jverwilt/JV2408_tear_RNA/output/20240906_AV242402_4843/D/02_extract_umi/D_umi_R2.fastq.gz, /home/jverwilt/JV2408_tear_RNA/output/20240906_AV242402_4843/D_DNase/02_extract_umi/D_DNase_umi_R2.fastq.gz, /home/jverwilt/JV2408_tear_RNA/output/20240906_AV242402_4843/E/02_extract_umi/E_umi_R2.fastq.gz, /home/jverwilt/JV2408_tear_RNA/output/20240906_AV242402_4843/E_DNase/02_extract_umi/E_DNase_umi_R2.fastq.gz, /home/jverwilt/JV2408_tear_RNA/output/20240906_AV242402_4843/positive/02_extract_umi/positive_umi_R2.fastq.gz, /home/jverwilt/JV2408_tear_RNA/output/20240906_AV242402_4843/positive_DNase/02_extract_umi/positive_DNase_umi_R2.fastq.gz, /home/jverwilt/JV2408_tear_RNA/output/20240906_AV242402_4843/A/02_extract_umi/UMIextract.log, /home/jverwilt/JV2408_tear_RNA/output/20240906_AV242402_4843/A_DNase/02_extract_umi/UMIextract.log, /home/jverwilt/JV2408_tear_RNA/output/20240906_AV242402_4843/B/02_extract_umi/UMIextract.log, /home/jverwilt/JV2408_tear_RNA/output/20240906_AV242402_4843/B_DNase/02_extract_umi/UMIextract.log, /home/jverwilt/JV2408_tear_RNA/output/20240906_AV242402_4843/C/02_extract_umi/UMIextract.log, /home/jverwilt/JV2408_tear_RNA/output/20240906_AV242402_4843/C_DNase/02_extract_umi/UMIextract.log, /home/jverwilt/JV2408_tear_RNA/output/20240906_AV242402_4843/D/02_extract_umi/UMIextract.log, /home/jverwilt/JV2408_tear_RNA/output/20240906_AV242402_4843/D_DNase/02_extract_umi/UMIextract.log, /home/jverwilt/JV2408_tear_RNA/output/20240906_AV242402_4843/E/02_extract_umi/UMIextract.log, /home/jverwilt/JV2408_tear_RNA/output/20240906_AV242402_4843/E_DNase/02_extract_umi/UMIextract.log, /home/jverwilt/JV2408_tear_RNA/output/20240906_AV242402_4843/positive/02_extract_umi/UMIextract.log, /home/jverwilt/JV2408_tear_RNA/output/20240906_AV242402_4843/positive_DNase/02_extract_umi/UMIextract.log
    jobid: 0
    reason: Input files updated by another job: /home/jverwilt/JV2408_tear_RNA/output/20240906_AV242402_4843/E_DNase/02_extract_umi/UMIextract.log, /home/jverwilt/JV2408_tear_RNA/output/20240906_AV242402_4843/C/02_extract_umi/C_umi_R2.fastq.gz, /home/jverwilt/JV2408_tear_RNA/output/20240906_AV242402_4843/A_DNase/02_extract_umi/UMIextract.log, /home/jverwilt/JV2408_tear_RNA/output/20240906_AV242402_4843/B/02_extract_umi/B_umi_R2.fastq.gz, /home/jverwilt/JV2408_tear_RNA/output/20240906_AV242402_4843/D_DNase/02_extract_umi/UMIextract.log, /home/jverwilt/JV2408_tear_RNA/output/20240906_AV242402_4843/D/02_extract_umi/D_umi_R2.fastq.gz, /home/jverwilt/JV2408_tear_RNA/output/20240906_AV242402_4843/positive/02_extract_umi/positive_umi_R2.fastq.gz, /home/jverwilt/JV2408_tear_RNA/output/20240906_AV242402_4843/E/02_extract_umi/E_umi_R2.fastq.gz, /home/jverwilt/JV2408_tear_RNA/output/20240906_AV242402_4843/C/02_extract_umi/C_umi_R1.fastq.gz, /home/jverwilt/JV2408_tear_RNA/output/20240906_AV242402_4843/A_DNase/02_extract_umi/A_DNase_umi_R2.fastq.gz, /home/jverwilt/JV2408_tear_RNA/output/20240906_AV242402_4843/D_DNase/02_extract_umi/D_DNase_umi_R2.fastq.gz, /home/jverwilt/JV2408_tear_RNA/output/20240906_AV242402_4843/D/02_extract_umi/UMIextract.log, /home/jverwilt/JV2408_tear_RNA/output/20240906_AV242402_4843/C/02_extract_umi/UMIextract.log, /home/jverwilt/JV2408_tear_RNA/output/20240906_AV242402_4843/D/02_extract_umi/D_umi_R1.fastq.gz, /home/jverwilt/JV2408_tear_RNA/output/20240906_AV242402_4843/E_DNase/02_extract_umi/E_DNase_umi_R1.fastq.gz, /home/jverwilt/JV2408_tear_RNA/output/20240906_AV242402_4843/C_DNase/02_extract_umi/UMIextract.log, /home/jverwilt/JV2408_tear_RNA/output/20240906_AV242402_4843/B_DNase/02_extract_umi/B_DNase_umi_R1.fastq.gz, /home/jverwilt/JV2408_tear_RNA/output/20240906_AV242402_4843/positive/02_extract_umi/UMIextract.log, /home/jverwilt/JV2408_tear_RNA/output/20240906_AV242402_4843/E_DNase/02_extract_umi/E_DNase_umi_R2.fastq.gz, /home/jverwilt/JV2408_tear_RNA/output/20240906_AV242402_4843/A_DNase/02_extract_umi/A_DNase_umi_R1.fastq.gz, /home/jverwilt/JV2408_tear_RNA/output/20240906_AV242402_4843/E/02_extract_umi/UMIextract.log, /home/jverwilt/JV2408_tear_RNA/output/20240906_AV242402_4843/B_DNase/02_extract_umi/B_DNase_umi_R2.fastq.gz, /home/jverwilt/JV2408_tear_RNA/output/20240906_AV242402_4843/E/02_extract_umi/E_umi_R1.fastq.gz, /home/jverwilt/JV2408_tear_RNA/output/20240906_AV242402_4843/positive_DNase/02_extract_umi/positive_DNase_umi_R1.fastq.gz, /home/jverwilt/JV2408_tear_RNA/output/20240906_AV242402_4843/B_DNase/02_extract_umi/UMIextract.log, /home/jverwilt/JV2408_tear_RNA/output/20240906_AV242402_4843/C_DNase/02_extract_umi/C_DNase_umi_R2.fastq.gz, /home/jverwilt/JV2408_tear_RNA/output/20240906_AV242402_4843/B/02_extract_umi/UMIextract.log, /home/jverwilt/JV2408_tear_RNA/output/20240906_AV242402_4843/A/02_extract_umi/UMIextract.log, /home/jverwilt/JV2408_tear_RNA/output/20240906_AV242402_4843/A/02_extract_umi/A_umi_R1.fastq.gz, /home/jverwilt/JV2408_tear_RNA/output/20240906_AV242402_4843/positive/02_extract_umi/positive_umi_R1.fastq.gz, /home/jverwilt/JV2408_tear_RNA/output/20240906_AV242402_4843/C_DNase/02_extract_umi/C_DNase_umi_R1.fastq.gz, /home/jverwilt/JV2408_tear_RNA/output/20240906_AV242402_4843/positive_DNase/02_extract_umi/UMIextract.log, /home/jverwilt/JV2408_tear_RNA/output/20240906_AV242402_4843/B/02_extract_umi/B_umi_R1.fastq.gz, /home/jverwilt/JV2408_tear_RNA/output/20240906_AV242402_4843/positive_DNase/02_extract_umi/positive_DNase_umi_R2.fastq.gz, /home/jverwilt/JV2408_tear_RNA/output/20240906_AV242402_4843/A/02_extract_umi/A_umi_R2.fastq.gz, /home/jverwilt/JV2408_tear_RNA/output/20240906_AV242402_4843/D_DNase/02_extract_umi/D_DNase_umi_R1.fastq.gz
    resources: tmpdir=/tmp

[Thu Sep 12 16:32:50 2024]
Finished job 0.
13 of 13 steps (100%) done
Complete log: .snakemake/log/2024-09-12T154035.392595.snakemake.log
