host: megalon
Building DAG of jobs...
Using shell: /usr/bin/bash
Provided cores: 80
Rules claiming more threads will be scaled down.
Job stats:
job      count
-----  -------
count        1
total        1

Select jobs to execute...
Execute 1 jobs...

[Thu Sep 12 09:06:12 2024]
localrule count:
    input: ../output/20240906_AV242402_4843/A_DNase/04_dedup/A_DNase.Aligned.sortedByCoord.out.dedup.bam
    output: ../output/20240906_AV242402_4843/A_DNase/05_count/A_DNase_htseq_dedup_counts.txt
    jobid: 0
    reason: Missing output files: ../output/20240906_AV242402_4843/A_DNase/05_count/A_DNase_htseq_dedup_counts.txt
    resources: tmpdir=/tmp

[Thu Sep 12 09:14:44 2024]
Finished job 0.
1 of 1 steps (100%) done
Complete log: .snakemake/log/2024-09-12T090612.957656.snakemake.log
