host: megalon
Building DAG of jobs...
Using shell: /usr/bin/bash
Provided cores: 3
Rules claiming more threads will be scaled down.
Job stats:
job            count
-----------  -------
all                1
dedup             12
extract_umi       12
index             12
map               12
total             49

Select jobs to execute...
Execute 3 jobs...

[Thu Sep 12 15:15:39 2024]
localrule extract_umi:
    input: /home/jverwilt/JV2408_tear_RNA/output/20240906_AV242402_4843/B/01_combine/B_R1.fastq.gz, /home/jverwilt/JV2408_tear_RNA/output/20240906_AV242402_4843/B/01_combine/B_R2.fastq.gz
    output: /home/jverwilt/JV2408_tear_RNA/output/20240906_AV242402_4843/B/02_extract_umi/B_umi_R1.fastq.gz, /home/jverwilt/JV2408_tear_RNA/output/20240906_AV242402_4843/B/02_extract_umi/B_umi_R2.fastq.gz, /home/jverwilt/JV2408_tear_RNA/output/20240906_AV242402_4843/B/02_extract_umi/UMIextract.log
    jobid: 13
    reason: Software environment definition has changed since last execution
    wildcards: sample=B
    resources: tmpdir=/tmp

Activating conda environment: base

[Thu Sep 12 15:15:40 2024]
localrule extract_umi:
    input: /home/jverwilt/JV2408_tear_RNA/output/20240906_AV242402_4843/D_DNase/01_combine/D_DNase_R1.fastq.gz, /home/jverwilt/JV2408_tear_RNA/output/20240906_AV242402_4843/D_DNase/01_combine/D_DNase_R2.fastq.gz
    output: /home/jverwilt/JV2408_tear_RNA/output/20240906_AV242402_4843/D_DNase/02_extract_umi/D_DNase_umi_R1.fastq.gz, /home/jverwilt/JV2408_tear_RNA/output/20240906_AV242402_4843/D_DNase/02_extract_umi/D_DNase_umi_R2.fastq.gz, /home/jverwilt/JV2408_tear_RNA/output/20240906_AV242402_4843/D_DNase/02_extract_umi/UMIextract.log
    jobid: 38
    reason: Software environment definition has changed since last execution
    wildcards: sample=D_DNase
    resources: tmpdir=/tmp

Activating conda environment: base

[Thu Sep 12 15:15:40 2024]
localrule extract_umi:
    input: /home/jverwilt/JV2408_tear_RNA/output/20240906_AV242402_4843/positive/01_combine/positive_R1.fastq.gz, /home/jverwilt/JV2408_tear_RNA/output/20240906_AV242402_4843/positive/01_combine/positive_R2.fastq.gz
    output: /home/jverwilt/JV2408_tear_RNA/output/20240906_AV242402_4843/positive/02_extract_umi/positive_umi_R1.fastq.gz, /home/jverwilt/JV2408_tear_RNA/output/20240906_AV242402_4843/positive/02_extract_umi/positive_umi_R2.fastq.gz, /home/jverwilt/JV2408_tear_RNA/output/20240906_AV242402_4843/positive/02_extract_umi/UMIextract.log
    jobid: 53
    reason: Forced execution
    wildcards: sample=positive
    resources: tmpdir=/tmp

Activating conda environment: base
Terminating processes on user request, this might take some time.
